ERROR:N_input:Ошибка ввода. Введено нецелочисленное значение.
INFO:N_input:Пользователь ввел N = 7
ERROR:k_input:Ошибка ввода. Введено нецелочисленное значение.
INFO:k_input:Пользователь ввел k = 3
ERROR:attempts:Ошибка ввода. Введено нецелочисленное значение.
INFO:attempts:Пользователь ввел 5
INFO:attempts:Пользователь не угадал, загаданное число больше.
INFO:attempts:Пользователь ввел 6
INFO:attempts:Пользователь угадал число.
INFO:N_input:Пользователь ввел N = 10
ERROR:k_input:Ошибка ввода. Введено нецелочисленное значение.
INFO:k_input:Пользователь ввел k = 5
INFO:attempts:Пользователь ввел 4
INFO:attempts:Пользователь не угадал, загаданное число меньше.
INFO:attempts:Пользователь ввел 3
INFO:attempts:Пользователь не угадал, загаданное число меньше.
INFO:attempts:Пользователь ввел 7
INFO:attempts:Пользователь не угадал, загаданное число меньше.
INFO:attempts:Пользователь ввел 2
INFO:attempts:Пользователь не угадал, загаданное число меньше.
INFO:attempts:Пользователь ввел 1
INFO:attempts:Пользователь угадал число.
